Compiling C:\Users\03adr\Downloads\Pedalera-main\PEDALERA_2024\pedalera24_V0 on 24-feb.-25 at 18:06
>>> Warning 216 "C:\Users\03adr\Downloads\Pedalera-main\PEDALERA_2024\pedalera24_V0.c" Line 201(1,2): Interrupts disabled during call to prevent re-entrancy:  (can_set_id)
>>> Warning 216 "C:\Users\03adr\Downloads\Pedalera-main\PEDALERA_2024\pedalera24_V0.c" Line 201(1,2): Interrupts disabled during call to prevent re-entrancy:  (can_putd)
>>> Warning 202 "C:\Users\03adr\Downloads\Pedalera-main\PEDALERA_2024\pedalera24_V0.c" Line 51(15,20): Variable never used:   avgA1
>>> Warning 202 "C:\Users\03adr\Downloads\Pedalera-main\PEDALERA_2024\pedalera24_V0.c" Line 52(15,20): Variable never used:   avgA2
>>> Warning 202 "C:\Users\03adr\Downloads\Pedalera-main\PEDALERA_2024\pedalera24_V0.c" Line 53(15,20): Variable never used:   avgA3
>>> Warning 202 "C:\Users\03adr\Downloads\Pedalera-main\PEDALERA_2024\pedalera24_V0.c" Line 54(15,21): Variable never used:   avgBrk
>>> Warning 202 "C:\Users\03adr\Downloads\Pedalera-main\PEDALERA_2024\pedalera24_V0.c" Line 55(15,22): Variable never used:   avgSens
>>> Warning 202 "C:\Users\03adr\Downloads\Pedalera-main\PEDALERA_2024\pedalera24_V0.c" Line 137(20,26): Variable never used:   prevA1
>>> Warning 202 "C:\Users\03adr\Downloads\Pedalera-main\PEDALERA_2024\pedalera24_V0.c" Line 137(32,38): Variable never used:   prevA2
>>> Warning 202 "C:\Users\03adr\Downloads\Pedalera-main\PEDALERA_2024\pedalera24_V0.c" Line 137(44,50): Variable never used:   prevA3
>>> Warning 202 "C:\Users\03adr\Downloads\Pedalera-main\PEDALERA_2024\pedalera24_V0.c" Line 137(56,63): Variable never used:   prevBrk
>>> Warning 202 "C:\Users\03adr\Downloads\Pedalera-main\PEDALERA_2024\pedalera24_V0.c" Line 137(69,77): Variable never used:   prevSens
>>> Warning 202 "C:\Users\03adr\Downloads\Pedalera-main\PEDALERA_2024\pedalera24_V0.c" Line 138(20,22): Variable never used:   A1
>>> Warning 202 "C:\Users\03adr\Downloads\Pedalera-main\PEDALERA_2024\pedalera24_V0.c" Line 138(28,30): Variable never used:   A2
>>> Warning 202 "C:\Users\03adr\Downloads\Pedalera-main\PEDALERA_2024\pedalera24_V0.c" Line 138(36,38): Variable never used:   A3
>>> Warning 202 "C:\Users\03adr\Downloads\Pedalera-main\PEDALERA_2024\pedalera24_V0.c" Line 138(44,47): Variable never used:   Brk
>>> Warning 202 "C:\Users\03adr\Downloads\Pedalera-main\PEDALERA_2024\pedalera24_V0.c" Line 138(53,57): Variable never used:   Sens
>>> Warning 202 "C:\Users\03adr\Downloads\Pedalera-main\PEDALERA_2024\pedalera24_V0.c" Line 139(19,29): Variable never used:   avgA1Calib
>>> Warning 202 "C:\Users\03adr\Downloads\Pedalera-main\PEDALERA_2024\pedalera24_V0.c" Line 139(35,45): Variable never used:   avgA2Calib
>>> Warning 202 "C:\Users\03adr\Downloads\Pedalera-main\PEDALERA_2024\pedalera24_V0.c" Line 139(51,61): Variable never used:   avgA3Calib
>>> Warning 202 "C:\Users\03adr\Downloads\Pedalera-main\PEDALERA_2024\pedalera24_V0.c" Line 139(66,77): Variable never used:   avgBrkCalib
>>> Warning 202 "C:\Users\03adr\Downloads\Pedalera-main\PEDALERA_2024\pedalera24_V0.c" Line 139(83,95): Variable never used:   avgSensCalib
>>> Warning 202 "C:\Users\03adr\Downloads\Pedalera-main\PEDALERA_2024\pedalera24_V0.c" Line 139(101,113): Variable never used:   BRK_filtered
      Memory usage:   ROM=12%      RAM=6% - 11%
      0 Errors,  23 Warnings.
Build Successful.
